# JRE version: Java(TM) SE Runtime Environment (8.0_102-b14) (build 1.8.0_102-b14)
# Java VM: Java HotSpot(TM) 64-Bit Server VM (25.102-b14 mixed mode bsd-amd64 compressed oops)
Heap:
 PSYoungGen      total 37888K, used 12192K [0x0000000795580000, 0x0000000798180000, 0x00000007c0000000)
  eden space 32768K, 23% used [0x0000000795580000,0x0000000795cfb108,0x0000000797580000)
  from space 5120K, 88% used [0x0000000797600000,0x0000000797a6d218,0x0000000797b00000)
  to   space 6144K, 0% used [0x0000000797b80000,0x0000000797b80000,0x0000000798180000)
 ParOldGen       total 87552K, used 7117K [0x0000000740000000, 0x0000000745580000, 0x0000000795580000)
  object space 87552K, 8% used [0x0000000740000000,0x00000007406f3520,0x0000000745580000)
 Metaspace       used 12655K, capacity 12926K, committed 13056K, reserved 1060864K
  class space    used 1612K, capacity 1717K, committed 1792K, reserved 1048576K
GC Heap History (10 events):
Event: 389.192 GC heap before
{Heap before GC invocations=1 (full 0):
 PSYoungGen      total 38400K, used 31680K [0x0000000795580000, 0x0000000798000000, 0x00000007c0000000)
  eden space 33280K, 95% used [0x0000000795580000,0x0000000797470028,0x0000000797600000)
  from space 5120K, 0% used [0x0000000797b00000,0x0000000797b00000,0x0000000798000000)
  to   space 5120K, 0% used [0x0000000797600000,0x0000000797600000,0x0000000797b00000)
 ParOldGen       total 87552K, used 0K [0x0000000740000000, 0x0000000745580000, 0x0000000795580000)
  object space 87552K, 0% used [0x0000000740000000,0x0000000740000000,0x0000000745580000)
 Metaspace       used 12130K, capacity 12374K, committed 12544K, reserved 1060864K
  class space    used 1607K, capacity 1685K, committed 1792K, reserved 1048576K
Event: 389.217 GC heap after
Heap after GC invocations=1 (full 0):
 PSYoungGen      total 38400K, used 3189K [0x0000000795580000, 0x0000000798000000, 0x00000007c0000000)
  eden space 33280K, 0% used [0x0000000795580000,0x0000000795580000,0x0000000797600000)
  from space 5120K, 62% used [0x0000000797600000,0x000000079791d5b0,0x0000000797b00000)
  to   space 5120K, 0% used [0x0000000797b00000,0x0000000797b00000,0x0000000798000000)
 ParOldGen       total 87552K, used 8K [0x0000000740000000, 0x0000000745580000, 0x0000000795580000)
  object space 87552K, 0% used [0x0000000740000000,0x0000000740002000,0x0000000745580000)
 Metaspace       used 12130K, capacity 12374K, committed 12544K, reserved 1060864K
  class space    used 1607K, capacity 1685K, committed 1792K, reserved 1048576K
}
Event: 404.628 GC heap before
{Heap before GC invocations=2 (full 0):
 PSYoungGen      total 38400K, used 35622K [0x0000000795580000, 0x0000000798000000, 0x00000007c0000000)
  eden space 33280K, 97% used [0x0000000795580000,0x000000079752c5e8,0x0000000797600000)
  from space 5120K, 62% used [0x0000000797600000,0x000000079791d5b0,0x0000000797b00000)
  to   space 5120K, 0% used [0x0000000797b00000,0x0000000797b00000,0x0000000798000000)
 ParOldGen       total 87552K, used 8K [0x0000000740000000, 0x0000000745580000, 0x0000000795580000)
  object space 87552K, 0% used [0x0000000740000000,0x0000000740002000,0x0000000745580000)
 Metaspace       used 12333K, capacity 12566K, committed 12800K, reserved 1060864K
  class space    used 1607K, capacity 1685K, committed 1792K, reserved 1048576K
Event: 404.637 GC heap after
Heap after GC invocations=2 (full 0):
 PSYoungGen      total 38400K, used 3189K [0x0000000795580000, 0x0000000798000000, 0x00000007c0000000)
  eden space 33280K, 0% used [0x0000000795580000,0x0000000795580000,0x0000000797600000)
  from space 5120K, 62% used [0x0000000797b00000,0x0000000797e1d5b0,0x0000000798000000)
  to   space 5120K, 0% used [0x0000000797600000,0x0000000797600000,0x0000000797b00000)
 ParOldGen       total 87552K, used 24K [0x0000000740000000, 0x0000000745580000, 0x0000000795580000)
  object space 87552K, 0% used [0x0000000740000000,0x0000000740006000,0x0000000745580000)
 Metaspace       used 12333K, capacity 12566K, committed 12800K, reserved 1060864K
  class space    used 1607K, capacity 1685K, committed 1792K, reserved 1048576K
}
Event: 1003.580 GC heap before
{Heap before GC invocations=3 (full 0):
 PSYoungGen      total 38400K, used 36073K [0x0000000795580000, 0x0000000798000000, 0x00000007c0000000)
  eden space 33280K, 98% used [0x0000000795580000,0x000000079759d230,0x0000000797600000)
  from space 5120K, 62% used [0x0000000797b00000,0x0000000797e1d5b0,0x0000000798000000)
  to   space 5120K, 0% used [0x0000000797600000,0x0000000797600000,0x0000000797b00000)
 ParOldGen       total 87552K, used 24K [0x0000000740000000, 0x0000000745580000, 0x0000000795580000)
  object space 87552K, 0% used [0x0000000740000000,0x0000000740006000,0x0000000745580000)
 Metaspace       used 12552K, capacity 12766K, committed 13056K, reserved 1060864K
  class space    used 1607K, capacity 1685K, committed 1792K, reserved 1048576K
Event: 1003.619 GC heap after
Heap after GC invocations=3 (full 0):
 PSYoungGen      total 38400K, used 4994K [0x0000000795580000, 0x0000000798000000, 0x00000007c0000000)
  eden space 33280K, 0% used [0x0000000795580000,0x0000000795580000,0x0000000797600000)
  from space 5120K, 97% used [0x0000000797600000,0x0000000797ae0a48,0x0000000797b00000)
  to   space 5120K, 0% used [0x0000000797b00000,0x0000000797b00000,0x0000000798000000)
 ParOldGen       total 87552K, used 3566K [0x0000000740000000, 0x0000000745580000, 0x0000000795580000)
  object space 87552K, 4% used [0x0000000740000000,0x000000074037ba90,0x0000000745580000)
 Metaspace       used 12552K, capacity 12766K, committed 13056K, reserved 1060864K
  class space    used 1607K, capacity 1685K, committed 1792K, reserved 1048576K
}
Event: 4224.667 GC heap before
{Heap before GC invocations=4 (full 0):
 PSYoungGen      total 38400K, used 37515K [0x0000000795580000, 0x0000000798000000, 0x00000007c0000000)
  eden space 33280K, 97% used [0x0000000795580000,0x0000000797542308,0x0000000797600000)
  from space 5120K, 97% used [0x0000000797600000,0x0000000797ae0a48,0x0000000797b00000)
  to   space 5120K, 0% used [0x0000000797b00000,0x0000000797b00000,0x0000000798000000)
 ParOldGen       total 87552K, used 3566K [0x0000000740000000, 0x0000000745580000, 0x0000000795580000)
  object space 87552K, 4% used [0x0000000740000000,0x000000074037ba90,0x0000000745580000)
 Metaspace       used 12610K, capacity 12862K, committed 13056K, reserved 1060864K
  class space    used 1610K, capacity 1717K, committed 1792K, reserved 1048576K
Event: 4224.713 GC heap after
Heap after GC invocations=4 (full 0):
 PSYoungGen      total 38400K, used 5040K [0x0000000795580000, 0x0000000798000000, 0x00000007c0000000)
  eden space 33280K, 0% used [0x0000000795580000,0x0000000795580000,0x0000000797600000)
  from space 5120K, 98% used [0x0000000797b00000,0x0000000797fec270,0x0000000798000000)
  to   space 5120K, 0% used [0x0000000797600000,0x0000000797600000,0x0000000797b00000)
 ParOldGen       total 87552K, used 7109K [0x0000000740000000, 0x0000000745580000, 0x0000000795580000)
  object space 87552K, 8% used [0x0000000740000000,0x00000007406f1520,0x0000000745580000)
 Metaspace       used 12610K, capacity 12862K, committed 13056K, reserved 1060864K
  class space    used 1610K, capacity 1717K, committed 1792K, reserved 1048576K
}
Event: 4228.475 GC heap before
{Heap before GC invocations=5 (full 0):
 PSYoungGen      total 38400K, used 35166K [0x0000000795580000, 0x0000000798000000, 0x00000007c0000000)
  eden space 33280K, 90% used [0x0000000795580000,0x00000007972eb598,0x0000000797600000)
  from space 5120K, 98% used [0x0000000797b00000,0x0000000797fec270,0x0000000798000000)
  to   space 5120K, 0% used [0x0000000797600000,0x0000000797600000,0x0000000797b00000)
 ParOldGen       total 87552K, used 7109K [0x0000000740000000, 0x0000000745580000, 0x0000000795580000)
  object space 87552K, 8% used [0x0000000740000000,0x00000007406f1520,0x0000000745580000)
 Metaspace       used 12654K, capacity 12926K, committed 13056K, reserved 1060864K
  class space    used 1612K, capacity 1717K, committed 1792K, reserved 1048576K
Event: 4228.490 GC heap after
Heap after GC invocations=5 (full 0):
 PSYoungGen      total 37888K, used 4532K [0x0000000795580000, 0x0000000798180000, 0x00000007c0000000)
  eden space 32768K, 0% used [0x0000000795580000,0x0000000795580000,0x0000000797580000)
  from space 5120K, 88% used [0x0000000797600000,0x0000000797a6d218,0x0000000797b00000)
  to   space 6144K, 0% used [0x0000000797b80000,0x0000000797b80000,0x0000000798180000)
 ParOldGen       total 87552K, used 7117K [0x0000000740000000, 0x0000000745580000, 0x0000000795580000)
  object space 87552K, 8% used [0x0000000740000000,0x00000007406f3520,0x0000000745580000)
 Metaspace       used 12654K, capacity 12926K, committed 13056K, reserved 1060864K
  class space    used 1612K, capacity 1717K, committed 1792K, reserved 1048576K
}

